2018-09-11 11:56:18,954 - mysql_init.py[line:37] - INFO: 
2018-09-11 11:56:18,955 - finance_crawler_mysql.py[line:31] - INFO: 已经设置财务任务[19901201-20180920]3542
2018-09-11 11:56:19,053 - finance_crawler_mysql.py[line:62] - INFO: Thread-1抓取cashflow['000001.SZ' '20180904' '20180911'] [1/7082]
2018-09-11 11:56:19,919 - mysql_init.py[line:86] - INFO: 数据为空
2018-09-11 11:56:19,920 - finance_crawler_mysql.py[line:62] - INFO: Thread-1抓取cashflow['000002.SZ' '20180904' '20180911'] [2/7082]
2018-09-11 11:56:20,365 - mysql_init.py[line:86] - INFO: 数据为空
2018-09-11 11:56:20,366 - finance_crawler_mysql.py[line:62] - INFO: Thread-1抓取cashflow['000004.SZ' '19901201' '20180920'] [3/7082]
2018-09-11 11:56:21,325 - mysql_init.py[line:117] - INFO: 执行任务cashflow 影响31行
2018-09-11 11:56:21,541 - mysql_init.py[line:37] - INFO: 更新执行任务cashflow[['000004.SZ' '19901201' '20180920']]状态
2018-09-11 11:56:21,543 - finance_crawler_mysql.py[line:62] - INFO: Thread-1抓取cashflow['000004.SZ' '20180904' '20180911'] [4/7082]
2018-09-11 11:56:21,764 - mysql_init.py[line:86] - INFO: 数据为空
2018-09-11 11:56:21,765 - finance_crawler_mysql.py[line:62] - INFO: Thread-1抓取cashflow['000005.SZ' '19901201' '20180920'] [5/7082]
2018-09-11 11:56:22,432 - mysql_init.py[line:117] - INFO: 执行任务cashflow 影响31行
2018-09-11 11:56:22,590 - mysql_init.py[line:37] - INFO: 更新执行任务cashflow[['000005.SZ' '19901201' '20180920']]状态
2018-09-11 11:56:22,591 - finance_crawler_mysql.py[line:62] - INFO: Thread-1抓取cashflow['000005.SZ' '20180904' '20180911'] [6/7082]
2018-09-11 11:56:23,280 - mysql_init.py[line:86] - INFO: 数据为空
2018-09-11 11:56:23,281 - finance_crawler_mysql.py[line:62] - INFO: Thread-1抓取cashflow['000006.SZ' '19901201' '20180920'] [7/7082]
2018-09-11 11:56:23,750 - mysql_init.py[line:117] - INFO: 执行任务cashflow 影响31行
2018-09-11 11:56:23,932 - mysql_init.py[line:37] - INFO: 更新执行任务cashflow[['000006.SZ' '19901201' '20180920']]状态
2018-09-11 11:56:23,932 - finance_crawler_mysql.py[line:62] - INFO: Thread-1抓取cashflow['000006.SZ' '20180904' '20180911'] [8/7082]
2018-09-11 11:56:24,457 - mysql_init.py[line:86] - INFO: 数据为空
2018-09-11 11:56:24,458 - finance_crawler_mysql.py[line:62] - INFO: Thread-1抓取cashflow['000007.SZ' '19901201' '20180920'] [9/7082]
