2018-09-14 14:14:57,578 - mysql_init.py[line:40] - INFO: 
2018-09-14 14:14:57,579 - daily_crawler_mysql.py[line:20] - INFO: 已设置初始任务
2018-09-14 14:14:57,600 - daily_crawler_mysql.py[line:68] - INFO: Thread-21抓取suspend['002749.SZ' '19901201' '20180920'] [1/20]
2018-09-14 14:14:57,601 - daily_crawler_mysql.py[line:68] - INFO: Thread-22抓取suspend['002935.SZ' '19901201' '20180920'] [1/20]
2018-09-14 14:14:57,602 - daily_crawler_mysql.py[line:68] - INFO: Thread-23抓取suspend['300551.SZ' '19901201' '20180920'] [1/20]
2018-09-14 14:14:57,603 - daily_crawler_mysql.py[line:68] - INFO: Thread-24抓取suspend['300684.SZ' '19901201' '20180920'] [1/20]
2018-09-14 14:14:57,604 - daily_crawler_mysql.py[line:68] - INFO: Thread-25抓取suspend['603043.SH' '19901201' '20180920'] [1/20]
2018-09-14 14:14:57,604 - daily_crawler_mysql.py[line:68] - INFO: Thread-26抓取suspend['603183.SH' '19901201' '20180920'] [1/20]
2018-09-14 14:14:57,605 - daily_crawler_mysql.py[line:68] - INFO: Thread-27抓取suspend['603303.SH' '19901201' '20180920'] [1/19]
2018-09-14 14:14:57,605 - daily_crawler_mysql.py[line:68] - INFO: Thread-28抓取suspend['603577.SH' '19901201' '20180920'] [1/19]
2018-09-14 14:14:57,606 - daily_crawler_mysql.py[line:68] - INFO: Thread-29抓取suspend['603679.SH' '19901201' '20180920'] [1/19]
2018-09-14 14:14:57,606 - daily_crawler_mysql.py[line:68] - INFO: Thread-30抓取suspend['603879.SH' '19901201' '20180920'] [1/19]
2018-09-14 14:14:57,893 - mysql_init.py[line:89] - INFO: 数据为空
2018-09-14 14:14:57,894 - daily_crawler_mysql.py[line:68] - INFO: Thread-26抓取suspend['603186.SH' '19901201' '20180920'] [2/20]
2018-09-14 14:14:57,997 - mysql_init.py[line:89] - INFO: 数据为空
2018-09-14 14:14:58,000 - mysql_init.py[line:89] - INFO: 数据为空
2018-09-14 14:14:58,003 - mysql_init.py[line:89] - INFO: 数据为空
2018-09-14 14:14:58,005 - mysql_init.py[line:89] - INFO: 数据为空
2018-09-14 14:14:58,005 - daily_crawler_mysql.py[line:68] - INFO: Thread-22抓取suspend['300395.SZ' '19901201' '20180920'] [2/20]
2018-09-14 14:14:58,007 - mysql_init.py[line:89] - INFO: 数据为空
2018-09-14 14:14:58,008 - mysql_init.py[line:89] - INFO: 数据为空
2018-09-14 14:14:58,010 - mysql_init.py[line:89] - INFO: 数据为空
2018-09-14 14:14:58,012 - mysql_init.py[line:89] - INFO: 数据为空
2018-09-14 14:14:58,012 - daily_crawler_mysql.py[line:68] - INFO: Thread-25抓取suspend['603045.SH' '19901201' '20180920'] [2/20]
2018-09-14 14:14:58,013 - daily_crawler_mysql.py[line:68] - INFO: Thread-23抓取suspend['300558.SZ' '19901201' '20180920'] [2/20]
2018-09-14 14:14:58,013 - daily_crawler_mysql.py[line:68] - INFO: Thread-29抓取suspend['603689.SH' '19901201' '20180920'] [2/19]
2018-09-14 14:14:58,015 - mysql_init.py[line:89] - INFO: 数据为空
2018-09-14 14:14:58,016 - daily_crawler_mysql.py[line:68] - INFO: Thread-24抓取suspend['300698.SZ' '19901201' '20180920'] [2/20]
2018-09-14 14:14:58,016 - daily_crawler_mysql.py[line:68] - INFO: Thread-21抓取suspend['002753.SZ' '19901201' '20180920'] [2/20]
2018-09-14 14:14:58,017 - daily_crawler_mysql.py[line:68] - INFO: Thread-30抓取suspend['603882.SH' '19901201' '20180920'] [2/19]
2018-09-14 14:14:58,017 - daily_crawler_mysql.py[line:68] - INFO: Thread-27抓取suspend['603313.SH' '19901201' '20180920'] [2/19]
2018-09-14 14:14:58,019 - daily_crawler_mysql.py[line:68] - INFO: Thread-28抓取suspend['603585.SH' '19901201' '20180920'] [2/19]
2018-09-14 14:14:58,092 - mysql_init.py[line:89] - INFO: 数据为空
2018-09-14 14:14:58,093 - daily_crawler_mysql.py[line:68] - INFO: Thread-26抓取suspend['603197.SH' '19901201' '20180920'] [3/20]
2018-09-14 14:14:58,171 - mysql_init.py[line:89] - INFO: 数据为空
2018-09-14 14:14:58,171 - daily_crawler_mysql.py[line:68] - INFO: Thread-27抓取suspend['603319.SH' '19901201' '20180920'] [3/19]
2018-09-14 14:14:58,294 - mysql_init.py[line:89] - INFO: 数据为空
2018-09-14 14:14:58,294 - daily_crawler_mysql.py[line:68] - INFO: Thread-23抓取suspend['300559.SZ' '19901201' '20180920'] [3/20]
2018-09-14 14:14:58,296 - mysql_init.py[line:89] - INFO: 数据为空
2018-09-14 14:14:58,296 - daily_crawler_mysql.py[line:68] - INFO: Thread-29抓取suspend['603706.SH' '19901201' '20180920'] [3/19]
2018-09-14 14:14:58,305 - mysql_init.py[line:89] - INFO: 数据为空
2018-09-14 14:14:58,305 - daily_crawler_mysql.py[line:68] - INFO: Thread-28抓取suspend['603586.SH' '19901201' '20180920'] [3/19]
2018-09-14 14:14:58,306 - mysql_init.py[line:89] - INFO: 数据为空
2018-09-14 14:14:58,306 - daily_crawler_mysql.py[line:68] - INFO: Thread-22抓取suspend['300417.SZ' '19901201' '20180920'] [3/20]
2018-09-14 14:14:58,307 - mysql_init.py[line:89] - INFO: 数据为空
2018-09-14 14:14:58,308 - daily_crawler_mysql.py[line:68] - INFO: Thread-21抓取suspend['002783.SZ' '19901201' '20180920'] [3/20]
2018-09-14 14:14:58,309 - mysql_init.py[line:89] - INFO: 数据为空
2018-09-14 14:14:58,310 - mysql_init.py[line:89] - INFO: 数据为空
2018-09-14 14:14:58,310 - daily_crawler_mysql.py[line:68] - INFO: Thread-26抓取suspend['603199.SH' '19901201' '20180920'] [4/20]
2018-09-14 14:14:58,310 - daily_crawler_mysql.py[line:68] - INFO: Thread-25抓取suspend['603055.SH' '19901201' '20180920'] [3/20]
2018-09-14 14:14:58,311 - mysql_init.py[line:89] - INFO: 数据为空
2018-09-14 14:14:58,312 - mysql_init.py[line:89] - INFO: 数据为空
2018-09-14 14:14:58,312 - daily_crawler_mysql.py[line:68] - INFO: Thread-30抓取suspend['603897.SH' '19901201' '20180920'] [3/19]
2018-09-14 14:14:58,313 - daily_crawler_mysql.py[line:68] - INFO: Thread-24抓取suspend['300703.SZ' '19901201' '20180920'] [3/20]
2018-09-14 14:14:58,320 - mysql_init.py[line:89] - INFO: 数据为空
2018-09-14 14:14:58,320 - daily_crawler_mysql.py[line:68] - INFO: Thread-27抓取suspend['603337.SH' '19901201' '20180920'] [4/19]
2018-09-14 14:14:58,952 - mysql_init.py[line:89] - INFO: 数据为空
2018-09-14 14:14:58,953 - mysql_init.py[line:89] - INFO: 数据为空
2018-09-14 14:14:58,954 - daily_crawler_mysql.py[line:68] - INFO: Thread-30抓取suspend['603899.SH' '19901201' '20180920'] [4/19]
2018-09-14 14:14:58,954 - daily_crawler_mysql.py[line:68] - INFO: Thread-28抓取suspend['603590.SH' '19901201' '20180920'] [4/19]
2018-09-14 14:14:58,955 - mysql_init.py[line:89] - INFO: 数据为空
2018-09-14 14:14:58,957 - daily_crawler_mysql.py[line:68] - INFO: Thread-21抓取suspend['002789.SZ' '19901201' '20180920'] [4/20]
2018-09-14 14:14:58,958 - mysql_init.py[line:89] - INFO: 数据为空
2018-09-14 14:14:58,959 - daily_crawler_mysql.py[line:68] - INFO: Thread-23抓取suspend['300560.SZ' '19901201' '20180920'] [4/20]
2018-09-14 14:14:58,977 - mysql_init.py[line:89] - INFO: 数据为空
2018-09-14 14:14:58,977 - daily_crawler_mysql.py[line:68] - INFO: Thread-24抓取suspend['300729.SZ' '19901201' '20180920'] [4/20]
2018-09-14 14:14:58,979 - mysql_init.py[line:89] - INFO: 数据为空
2018-09-14 14:14:58,979 - daily_crawler_mysql.py[line:68] - INFO: Thread-25抓取suspend['603056.SH' '19901201' '20180920'] [4/20]
2018-09-14 14:14:58,985 - mysql_init.py[line:89] - INFO: 数据为空
2018-09-14 14:14:58,985 - daily_crawler_mysql.py[line:68] - INFO: Thread-22抓取suspend['300445.SZ' '19901201' '20180920'] [4/20]
2018-09-14 14:14:59,005 - mysql_init.py[line:89] - INFO: 数据为空
2018-09-14 14:14:59,005 - daily_crawler_mysql.py[line:68] - INFO: Thread-27抓取suspend['603356.SH' '19901201' '20180920'] [5/19]
2018-09-14 14:14:59,021 - mysql_init.py[line:89] - INFO: 数据为空
2018-09-14 14:14:59,024 - mysql_init.py[line:89] - INFO: 数据为空
2018-09-14 14:14:59,025 - daily_crawler_mysql.py[line:68] - INFO: Thread-29抓取suspend['603707.SH' '19901201' '20180920'] [4/19]
2018-09-14 14:14:59,026 - daily_crawler_mysql.py[line:68] - INFO: Thread-26抓取suspend['603200.SH' '19901201' '20180920'] [5/20]
2018-09-14 14:14:59,112 - mysql_init.py[line:89] - INFO: 数据为空
2018-09-14 14:14:59,112 - daily_crawler_mysql.py[line:68] - INFO: Thread-28抓取suspend['603595.SH' '19901201' '20180920'] [5/19]
2018-09-14 14:14:59,140 - mysql_init.py[line:89] - INFO: 数据为空
2018-09-14 14:14:59,140 - daily_crawler_mysql.py[line:68] - INFO: Thread-23抓取suspend['300572.SZ' '19901201' '20180920'] [5/20]
2018-09-14 14:14:59,141 - mysql_init.py[line:89] - INFO: 数据为空
2018-09-14 14:14:59,141 - daily_crawler_mysql.py[line:68] - INFO: Thread-21抓取suspend['002790.SZ' '19901201' '20180920'] [5/20]
2018-09-14 14:14:59,143 - mysql_init.py[line:89] - INFO: 数据为空
2018-09-14 14:14:59,143 - daily_crawler_mysql.py[line:68] - INFO: Thread-30抓取suspend['603903.SH' '19901201' '20180920'] [5/19]
2018-09-14 14:14:59,168 - mysql_init.py[line:89] - INFO: 数据为空
2018-09-14 14:14:59,169 - mysql_init.py[line:89] - INFO: 数据为空
2018-09-14 14:14:59,170 - mysql_init.py[line:89] - INFO: 数据为空
2018-09-14 14:14:59,170 - daily_crawler_mysql.py[line:68] - INFO: Thread-24抓取suspend['300739.SZ' '19901201' '20180920'] [5/20]
2018-09-14 14:14:59,170 - daily_crawler_mysql.py[line:68] - INFO: Thread-27抓取suspend['603359.SH' '19901201' '20180920'] [6/19]
2018-09-14 14:14:59,171 - daily_crawler_mysql.py[line:68] - INFO: Thread-22抓取suspend['300485.SZ' '19901201' '20180920'] [5/20]
2018-09-14 14:14:59,172 - mysql_init.py[line:89] - INFO: 数据为空
2018-09-14 14:14:59,173 - daily_crawler_mysql.py[line:68] - INFO: Thread-29抓取suspend['603709.SH' '19901201' '20180920'] [5/19]
2018-09-14 14:14:59,176 - mysql_init.py[line:89] - INFO: 数据为空
2018-09-14 14:14:59,177 - daily_crawler_mysql.py[line:68] - INFO: Thread-26抓取suspend['603208.SH' '19901201' '20180920'] [6/20]
2018-09-14 14:14:59,183 - mysql_init.py[line:89] - INFO: 数据为空
2018-09-14 14:14:59,184 - daily_crawler_mysql.py[line:68] - INFO: Thread-25抓取suspend['603059.SH' '19901201' '20180920'] [5/20]
2018-09-14 14:14:59,320 - mysql_init.py[line:89] - INFO: 数据为空
2018-09-14 14:14:59,321 - mysql_init.py[line:89] - INFO: 数据为空
2018-09-14 14:14:59,321 - daily_crawler_mysql.py[line:68] - INFO: Thread-30抓取suspend['603906.SH' '19901201' '20180920'] [6/19]
2018-09-14 14:14:59,322 - daily_crawler_mysql.py[line:68] - INFO: Thread-27抓取suspend['603363.SH' '19901201' '20180920'] [7/19]
2018-09-14 14:14:59,339 - mysql_init.py[line:89] - INFO: 数据为空
2018-09-14 14:14:59,340 - mysql_init.py[line:89] - INFO: 数据为空
2018-09-14 14:14:59,340 - daily_crawler_mysql.py[line:68] - INFO: Thread-24抓取suspend['300743.SZ' '19901201' '20180920'] [6/20]
2018-09-14 14:14:59,341 - daily_crawler_mysql.py[line:68] - INFO: Thread-29抓取suspend['603713.SH' '19901201' '20180920'] [6/19]
2018-09-14 14:14:59,343 - mysql_init.py[line:89] - INFO: 数据为空
2018-09-14 14:14:59,343 - daily_crawler_mysql.py[line:68] - INFO: Thread-25抓取suspend['603078.SH' '19901201' '20180920'] [6/20]
2018-09-14 14:14:59,352 - mysql_init.py[line:89] - INFO: 数据为空
2018-09-14 14:14:59,352 - daily_crawler_mysql.py[line:68] - INFO: Thread-22抓取suspend['300489.SZ' '19901201' '20180920'] [6/20]
2018-09-14 14:14:59,380 - mysql_init.py[line:89] - INFO: 数据为空
2018-09-14 14:14:59,381 - mysql_init.py[line:89] - INFO: 数据为空
2018-09-14 14:14:59,381 - daily_crawler_mysql.py[line:68] - INFO: Thread-23抓取suspend['300581.SZ' '19901201' '20180920'] [6/20]
2018-09-14 14:14:59,382 - daily_crawler_mysql.py[line:68] - INFO: Thread-28抓取suspend['603596.SH' '19901201' '20180920'] [6/19]
2018-09-14 14:14:59,384 - mysql_init.py[line:89] - INFO: 数据为空
2018-09-14 14:14:59,386 - mysql_init.py[line:89] - INFO: 数据为空
2018-09-14 14:14:59,386 - daily_crawler_mysql.py[line:68] - INFO: Thread-21抓取suspend['002791.SZ' '19901201' '20180920'] [6/20]
2018-09-14 14:14:59,387 - daily_crawler_mysql.py[line:68] - INFO: Thread-26抓取suspend['603218.SH' '19901201' '20180920'] [7/20]
2018-09-14 14:14:59,460 - mysql_init.py[line:89] - INFO: 数据为空
2018-09-14 14:14:59,461 - daily_crawler_mysql.py[line:68] - INFO: Thread-27抓取suspend['603380.SH' '19901201' '20180920'] [8/19]
2018-09-14 14:14:59,469 - mysql_init.py[line:89] - INFO: 数据为空
2018-09-14 14:14:59,469 - daily_crawler_mysql.py[line:68] - INFO: Thread-30抓取suspend['603908.SH' '19901201' '20180920'] [7/19]
2018-09-14 14:14:59,486 - mysql_init.py[line:89] - INFO: 数据为空
2018-09-14 14:14:59,488 - mysql_init.py[line:89] - INFO: 数据为空
2018-09-14 14:14:59,488 - daily_crawler_mysql.py[line:68] - INFO: Thread-24抓取suspend['300745.SZ' '19901201' '20180920'] [7/20]
2018-09-14 14:14:59,489 - mysql_init.py[line:89] - INFO: 数据为空
2018-09-14 14:14:59,490 - daily_crawler_mysql.py[line:68] - INFO: Thread-29抓取suspend['603727.SH' '19901201' '20180920'] [7/19]
2018-09-14 14:14:59,490 - daily_crawler_mysql.py[line:68] - INFO: Thread-25抓取suspend['603081.SH' '19901201' '20180920'] [7/20]
2018-09-14 14:14:59,503 - mysql_init.py[line:89] - INFO: 数据为空
2018-09-14 14:14:59,504 - daily_crawler_mysql.py[line:68] - INFO: Thread-22抓取suspend['300494.SZ' '19901201' '20180920'] [7/20]
2018-09-14 14:14:59,524 - mysql_init.py[line:89] - INFO: 数据为空
2018-09-14 14:14:59,525 - daily_crawler_mysql.py[line:68] - INFO: Thread-21抓取suspend['002792.SZ' '19901201' '20180920'] [7/20]
2018-09-14 14:14:59,535 - mysql_init.py[line:89] - INFO: 数据为空
2018-09-14 14:14:59,535 - daily_crawler_mysql.py[line:68] - INFO: Thread-23抓取suspend['300587.SZ' '19901201' '20180920'] [7/20]
2018-09-14 14:14:59,541 - mysql_init.py[line:89] - INFO: 数据为空
2018-09-14 14:14:59,542 - mysql_init.py[line:89] - INFO: 数据为空
2018-09-14 14:14:59,542 - daily_crawler_mysql.py[line:68] - INFO: Thread-28抓取suspend['603605.SH' '19901201' '20180920'] [7/19]
2018-09-14 14:14:59,543 - daily_crawler_mysql.py[line:68] - INFO: Thread-26抓取suspend['603228.SH' '19901201' '20180920'] [8/20]
2018-09-14 14:15:00,130 - mysql_init.py[line:89] - INFO: 数据为空
2018-09-14 14:15:00,131 - daily_crawler_mysql.py[line:68] - INFO: Thread-27抓取suspend['603385.SH' '19901201' '20180920'] [9/19]
2018-09-14 14:15:00,137 - mysql_init.py[line:89] - INFO: 数据为空
2018-09-14 14:15:00,138 - daily_crawler_mysql.py[line:68] - INFO: Thread-25抓取suspend['603089.SH' '19901201' '20180920'] [8/20]
2018-09-14 14:15:00,142 - mysql_init.py[line:89] - INFO: 数据为空
2018-09-14 14:15:00,143 - daily_crawler_mysql.py[line:68] - INFO: Thread-22抓取suspend['300499.SZ' '19901201' '20180920'] [8/20]
2018-09-14 14:15:00,146 - mysql_init.py[line:89] - INFO: 数据为空
2018-09-14 14:15:00,147 - daily_crawler_mysql.py[line:68] - INFO: Thread-30抓取suspend['603917.SH' '19901201' '20180920'] [8/19]
2018-09-14 14:15:00,151 - mysql_init.py[line:89] - INFO: 数据为空
2018-09-14 14:15:00,153 - daily_crawler_mysql.py[line:68] - INFO: Thread-23抓取suspend['300589.SZ' '19901201' '20180920'] [8/20]
2018-09-14 14:15:00,157 - mysql_init.py[line:89] - INFO: 数据为空
2018-09-14 14:15:00,159 - daily_crawler_mysql.py[line:68] - INFO: Thread-21抓取suspend['002811.SZ' '19901201' '20180920'] [8/20]
2018-09-14 14:15:00,165 - mysql_init.py[line:89] - INFO: 数据为空
2018-09-14 14:15:00,166 - daily_crawler_mysql.py[line:68] - INFO: Thread-28抓取suspend['603607.SH' '19901201' '20180920'] [8/19]
2018-09-14 14:15:00,176 - mysql_init.py[line:89] - INFO: 数据为空
2018-09-14 14:15:00,177 - daily_crawler_mysql.py[line:68] - INFO: Thread-26抓取suspend['603229.SH' '19901201' '20180920'] [9/20]
2018-09-14 14:15:00,189 - mysql_init.py[line:89] - INFO: 数据为空
2018-09-14 14:15:00,190 - daily_crawler_mysql.py[line:68] - INFO: Thread-24抓取suspend['600917.SH' '19901201' '20180920'] [8/20]
2018-09-14 14:15:00,192 - mysql_init.py[line:89] - INFO: 数据为空
2018-09-14 14:15:00,193 - daily_crawler_mysql.py[line:68] - INFO: Thread-29抓取suspend['603737.SH' '19901201' '20180920'] [8/19]
2018-09-14 14:15:00,310 - mysql_init.py[line:89] - INFO: 数据为空
2018-09-14 14:15:00,311 - daily_crawler_mysql.py[line:68] - INFO: Thread-28抓取suspend['603612.SH' '19901201' '20180920'] [9/19]
2018-09-14 14:15:00,321 - mysql_init.py[line:89] - INFO: 数据为空
2018-09-14 14:15:00,322 - daily_crawler_mysql.py[line:68] - INFO: Thread-26抓取suspend['603232.SH' '19901201' '20180920'] [10/20]
2018-09-14 14:15:00,327 - mysql_init.py[line:89] - INFO: 数据为空
2018-09-14 14:15:00,328 - daily_crawler_mysql.py[line:68] - INFO: Thread-27抓取suspend['603387.SH' '19901201' '20180920'] [10/19]
2018-09-14 14:15:00,333 - mysql_init.py[line:89] - INFO: 数据为空
2018-09-14 14:15:00,334 - daily_crawler_mysql.py[line:68] - INFO: Thread-25抓取suspend['603101.SH' '19901201' '20180920'] [9/20]
2018-09-14 14:15:00,382 - mysql_init.py[line:89] - INFO: 数据为空
2018-09-14 14:15:00,383 - mysql_init.py[line:89] - INFO: 数据为空
2018-09-14 14:15:00,385 - mysql_init.py[line:89] - INFO: 数据为空
2018-09-14 14:15:00,385 - daily_crawler_mysql.py[line:68] - INFO: Thread-23抓取suspend['300600.SZ' '19901201' '20180920'] [9/20]
2018-09-14 14:15:00,386 - daily_crawler_mysql.py[line:68] - INFO: Thread-30抓取suspend['603929.SH' '19901201' '20180920'] [9/19]
2018-09-14 14:15:00,387 - daily_crawler_mysql.py[line:68] - INFO: Thread-21抓取suspend['002818.SZ' '19901201' '20180920'] [9/20]
2018-09-14 14:15:00,403 - mysql_init.py[line:89] - INFO: 数据为空
2018-09-14 14:15:00,403 - daily_crawler_mysql.py[line:68] - INFO: Thread-22抓取suspend['300501.SZ' '19901201' '20180920'] [9/20]
2018-09-14 14:15:00,426 - mysql_init.py[line:89] - INFO: 数据为空
2018-09-14 14:15:00,426 - daily_crawler_mysql.py[line:68] - INFO: Thread-24抓取suspend['601330.SH' '19901201' '20180920'] [9/20]
2018-09-14 14:15:00,431 - mysql_init.py[line:89] - INFO: 数据为空
2018-09-14 14:15:00,431 - daily_crawler_mysql.py[line:68] - INFO: Thread-29抓取suspend['603767.SH' '19901201' '20180920'] [9/19]
2018-09-14 14:15:00,465 - mysql_init.py[line:89] - INFO: 数据为空
2018-09-14 14:15:00,465 - daily_crawler_mysql.py[line:68] - INFO: Thread-28抓取suspend['603619.SH' '19901201' '20180920'] [10/19]
2018-09-14 14:15:00,485 - mysql_init.py[line:89] - INFO: 数据为空
2018-09-14 14:15:00,485 - daily_crawler_mysql.py[line:68] - INFO: Thread-25抓取suspend['603127.SH' '19901201' '20180920'] [10/20]
2018-09-14 14:15:00,505 - mysql_init.py[line:89] - INFO: 数据为空
2018-09-14 14:15:00,506 - daily_crawler_mysql.py[line:68] - INFO: Thread-27抓取suspend['603444.SH' '19901201' '20180920'] [11/19]
2018-09-14 14:15:00,512 - mysql_init.py[line:89] - INFO: 数据为空
2018-09-14 14:15:00,512 - daily_crawler_mysql.py[line:68] - INFO: Thread-26抓取suspend['603258.SH' '19901201' '20180920'] [11/20]
2018-09-14 14:15:00,569 - mysql_init.py[line:89] - INFO: 数据为空
2018-09-14 14:15:00,571 - daily_crawler_mysql.py[line:68] - INFO: Thread-30抓取suspend['603933.SH' '19901201' '20180920'] [10/19]
2018-09-14 14:15:00,576 - mysql_init.py[line:89] - INFO: 数据为空
2018-09-14 14:15:00,579 - mysql_init.py[line:89] - INFO: 数据为空
2018-09-14 14:15:00,581 - mysql_init.py[line:89] - INFO: 数据为空
2018-09-14 14:15:00,582 - daily_crawler_mysql.py[line:68] - INFO: Thread-23抓取suspend['300601.SZ' '19901201' '20180920'] [10/20]
2018-09-14 14:15:00,583 - daily_crawler_mysql.py[line:68] - INFO: Thread-21抓取suspend['002832.SZ' '19901201' '20180920'] [10/20]
2018-09-14 14:15:00,583 - daily_crawler_mysql.py[line:68] - INFO: Thread-22抓取suspend['300511.SZ' '19901201' '20180920'] [10/20]
2018-09-14 14:15:00,585 - mysql_init.py[line:89] - INFO: 数据为空
2018-09-14 14:15:00,587 - daily_crawler_mysql.py[line:68] - INFO: Thread-29抓取suspend['603801.SH' '19901201' '20180920'] [10/19]
2018-09-14 14:15:00,607 - mysql_init.py[line:89] - INFO: 数据为空
2018-09-14 14:15:00,609 - mysql_init.py[line:89] - INFO: 数据为空
2018-09-14 14:15:00,610 - daily_crawler_mysql.py[line:68] - INFO: Thread-24抓取suspend['601811.SH' '19901201' '20180920'] [10/20]
2018-09-14 14:15:00,610 - daily_crawler_mysql.py[line:68] - INFO: Thread-28抓取suspend['603630.SH' '19901201' '20180920'] [11/19]
2018-09-14 14:15:00,628 - mysql_init.py[line:89] - INFO: 数据为空
2018-09-14 14:15:00,629 - daily_crawler_mysql.py[line:68] - INFO: Thread-25抓取suspend['603129.SH' '19901201' '20180920'] [11/20]
2018-09-14 14:15:00,691 - mysql_init.py[line:89] - INFO: 数据为空
2018-09-14 14:15:00,692 - mysql_init.py[line:89] - INFO: 数据为空
2018-09-14 14:15:00,692 - daily_crawler_mysql.py[line:68] - INFO: Thread-27抓取suspend['603458.SH' '19901201' '20180920'] [12/19]
2018-09-14 14:15:00,693 - daily_crawler_mysql.py[line:68] - INFO: Thread-26抓取suspend['603260.SH' '19901201' '20180920'] [12/20]
2018-09-14 14:15:01,273 - mysql_init.py[line:89] - INFO: 数据为空
2018-09-14 14:15:01,274 - daily_crawler_mysql.py[line:68] - INFO: Thread-30抓取suspend['603937.SH' '19901201' '20180920'] [11/19]
2018-09-14 14:15:01,288 - mysql_init.py[line:89] - INFO: 数据为空
2018-09-14 14:15:01,291 - mysql_init.py[line:89] - INFO: 数据为空
2018-09-14 14:15:01,292 - daily_crawler_mysql.py[line:68] - INFO: Thread-29抓取suspend['603813.SH' '19901201' '20180920'] [11/19]
2018-09-14 14:15:01,295 - mysql_init.py[line:89] - INFO: 数据为空
2018-09-14 14:15:01,298 - mysql_init.py[line:89] - INFO: 数据为空
2018-09-14 14:15:01,300 - mysql_init.py[line:89] - INFO: 数据为空
2018-09-14 14:15:01,301 - daily_crawler_mysql.py[line:68] - INFO: Thread-25抓取suspend['603133.SH' '19901201' '20180920'] [12/20]
2018-09-14 14:15:01,303 - daily_crawler_mysql.py[line:68] - INFO: Thread-28抓取suspend['603637.SH' '19901201' '20180920'] [12/19]
2018-09-14 14:15:01,304 - daily_crawler_mysql.py[line:68] - INFO: Thread-21抓取suspend['002833.SZ' '19901201' '20180920'] [11/20]
2018-09-14 14:15:01,305 - daily_crawler_mysql.py[line:68] - INFO: Thread-22抓取suspend['300514.SZ' '19901201' '20180920'] [11/20]
2018-09-14 14:15:01,321 - mysql_init.py[line:89] - INFO: 数据为空
2018-09-14 14:15:01,324 - mysql_init.py[line:89] - INFO: 数据为空
2018-09-14 14:15:01,325 - daily_crawler_mysql.py[line:68] - INFO: Thread-24抓取suspend['601858.SH' '19901201' '20180920'] [11/20]
2018-09-14 14:15:01,326 - daily_crawler_mysql.py[line:68] - INFO: Thread-26抓取suspend['603266.SH' '19901201' '20180920'] [13/20]
2018-09-14 14:15:01,331 - mysql_init.py[line:89] - INFO: 数据为空
2018-09-14 14:15:01,332 - daily_crawler_mysql.py[line:68] - INFO: Thread-27抓取suspend['603488.SH' '19901201' '20180920'] [13/19]
2018-09-14 14:15:01,337 - mysql_init.py[line:89] - INFO: 数据为空
2018-09-14 14:15:01,338 - daily_crawler_mysql.py[line:68] - INFO: Thread-23抓取suspend['300610.SZ' '19901201' '20180920'] [11/20]
2018-09-14 14:15:01,453 - mysql_init.py[line:89] - INFO: 数据为空
2018-09-14 14:15:01,453 - daily_crawler_mysql.py[line:68] - INFO: Thread-30抓取suspend['603938.SH' '19901201' '20180920'] [12/19]
2018-09-14 14:15:01,458 - mysql_init.py[line:89] - INFO: 数据为空
2018-09-14 14:15:01,459 - daily_crawler_mysql.py[line:68] - INFO: Thread-29抓取suspend['603817.SH' '19901201' '20180920'] [12/19]
2018-09-14 14:15:01,521 - mysql_init.py[line:89] - INFO: 数据为空
2018-09-14 14:15:01,522 - daily_crawler_mysql.py[line:68] - INFO: Thread-27抓取suspend['603507.SH' '19901201' '20180920'] [14/19]
2018-09-14 14:15:01,552 - mysql_init.py[line:89] - INFO: 数据为空
2018-09-14 14:15:01,552 - daily_crawler_mysql.py[line:68] - INFO: Thread-28抓取suspend['603639.SH' '19901201' '20180920'] [13/19]
2018-09-14 14:15:01,574 - mysql_init.py[line:89] - INFO: 数据为空
2018-09-14 14:15:01,575 - daily_crawler_mysql.py[line:68] - INFO: Thread-22抓取suspend['300517.SZ' '19901201' '20180920'] [12/20]
2018-09-14 14:15:01,576 - mysql_init.py[line:89] - INFO: 数据为空
2018-09-14 14:15:01,576 - daily_crawler_mysql.py[line:68] - INFO: Thread-21抓取suspend['002845.SZ' '19901201' '20180920'] [12/20]
2018-09-14 14:15:01,606 - mysql_init.py[line:89] - INFO: 数据为空
2018-09-14 14:15:01,606 - daily_crawler_mysql.py[line:68] - INFO: Thread-25抓取suspend['603138.SH' '19901201' '20180920'] [13/20]
2018-09-14 14:15:01,609 - mysql_init.py[line:89] - INFO: 数据为空
2018-09-14 14:15:01,609 - daily_crawler_mysql.py[line:68] - INFO: Thread-26抓取suspend['603269.SH' '19901201' '20180920'] [14/20]
2018-09-14 14:15:01,611 - mysql_init.py[line:89] - INFO: 数据为空
2018-09-14 14:15:01,611 - daily_crawler_mysql.py[line:68] - INFO: Thread-24抓取suspend['601878.SH' '19901201' '20180920'] [12/20]
2018-09-14 14:15:01,614 - mysql_init.py[line:89] - INFO: 数据为空
2018-09-14 14:15:01,615 - daily_crawler_mysql.py[line:68] - INFO: Thread-23抓取suspend['300634.SZ' '19901201' '20180920'] [12/20]
2018-09-14 14:15:01,628 - mysql_init.py[line:89] - INFO: 数据为空
2018-09-14 14:15:01,629 - daily_crawler_mysql.py[line:68] - INFO: Thread-30抓取suspend['603963.SH' '19901201' '20180920'] [13/19]
2018-09-14 14:15:01,644 - mysql_init.py[line:89] - INFO: 数据为空
2018-09-14 14:15:01,645 - daily_crawler_mysql.py[line:68] - INFO: Thread-29抓取suspend['603819.SH' '19901201' '20180920'] [13/19]
2018-09-14 14:15:01,680 - mysql_init.py[line:89] - INFO: 数据为空
2018-09-14 14:15:01,681 - daily_crawler_mysql.py[line:68] - INFO: Thread-27抓取suspend['603527.SH' '19901201' '20180920'] [15/19]
2018-09-14 14:15:01,707 - mysql_init.py[line:89] - INFO: 数据为空
2018-09-14 14:15:01,707 - daily_crawler_mysql.py[line:68] - INFO: Thread-28抓取suspend['603650.SH' '19901201' '20180920'] [14/19]
2018-09-14 14:15:01,730 - mysql_init.py[line:89] - INFO: 数据为空
2018-09-14 14:15:01,733 - mysql_init.py[line:89] - INFO: 数据为空
2018-09-14 14:15:01,734 - daily_crawler_mysql.py[line:68] - INFO: Thread-22抓取suspend['300528.SZ' '19901201' '20180920'] [13/20]
2018-09-14 14:15:01,735 - daily_crawler_mysql.py[line:68] - INFO: Thread-21抓取suspend['002862.SZ' '19901201' '20180920'] [13/20]
2018-09-14 14:15:01,749 - mysql_init.py[line:89] - INFO: 数据为空
2018-09-14 14:15:01,750 - daily_crawler_mysql.py[line:68] - INFO: Thread-25抓取suspend['603139.SH' '19901201' '20180920'] [14/20]
2018-09-14 14:15:01,761 - mysql_init.py[line:89] - INFO: 数据为空
2018-09-14 14:15:01,763 - mysql_init.py[line:89] - INFO: 数据为空
2018-09-14 14:15:01,763 - daily_crawler_mysql.py[line:68] - INFO: Thread-26抓取suspend['603277.SH' '19901201' '20180920'] [15/20]
2018-09-14 14:15:01,764 - daily_crawler_mysql.py[line:68] - INFO: Thread-23抓取suspend['300642.SZ' '19901201' '20180920'] [13/20]
2018-09-14 14:15:01,766 - mysql_init.py[line:89] - INFO: 数据为空
2018-09-14 14:15:01,767 - daily_crawler_mysql.py[line:68] - INFO: Thread-24抓取suspend['603013.SH' '19901201' '20180920'] [13/20]
2018-09-14 14:15:01,774 - mysql_init.py[line:89] - INFO: 数据为空
2018-09-14 14:15:01,774 - daily_crawler_mysql.py[line:68] - INFO: Thread-30抓取suspend['603966.SH' '19901201' '20180920'] [14/19]
2018-09-14 14:15:02,348 - mysql_init.py[line:89] - INFO: 数据为空
2018-09-14 14:15:02,353 - daily_crawler_mysql.py[line:68] - INFO: Thread-27抓取suspend['603535.SH' '19901201' '20180920'] [16/19]
2018-09-14 14:15:02,357 - mysql_init.py[line:89] - INFO: 数据为空
2018-09-14 14:15:02,360 - mysql_init.py[line:89] - INFO: 数据为空
2018-09-14 14:15:02,363 - mysql_init.py[line:89] - INFO: 数据为空
2018-09-14 14:15:02,366 - mysql_init.py[line:89] - INFO: 数据为空
2018-09-14 14:15:02,369 - mysql_init.py[line:89] - INFO: 数据为空
2018-09-14 14:15:02,370 - daily_crawler_mysql.py[line:68] - INFO: Thread-23抓取suspend['300645.SZ' '19901201' '20180920'] [14/20]
2018-09-14 14:15:02,371 - daily_crawler_mysql.py[line:68] - INFO: Thread-29抓取suspend['603826.SH' '19901201' '20180920'] [14/19]
2018-09-14 14:15:02,374 - mysql_init.py[line:89] - INFO: 数据为空
2018-09-14 14:15:02,375 - daily_crawler_mysql.py[line:68] - INFO: Thread-21抓取suspend['002871.SZ' '19901201' '20180920'] [14/20]
2018-09-14 14:15:02,376 - daily_crawler_mysql.py[line:68] - INFO: Thread-26抓取suspend['603278.SH' '19901201' '20180920'] [16/20]
2018-09-14 14:15:02,379 - daily_crawler_mysql.py[line:68] - INFO: Thread-30抓取suspend['603968.SH' '19901201' '20180920'] [15/19]
2018-09-14 14:15:02,381 - mysql_init.py[line:89] - INFO: 数据为空
2018-09-14 14:15:02,384 - mysql_init.py[line:89] - INFO: 数据为空
2018-09-14 14:15:02,385 - daily_crawler_mysql.py[line:68] - INFO: Thread-24抓取suspend['603020.SH' '19901201' '20180920'] [14/20]
2018-09-14 14:15:02,388 - daily_crawler_mysql.py[line:68] - INFO: Thread-28抓取suspend['603663.SH' '19901201' '20180920'] [15/19]
2018-09-14 14:15:02,389 - daily_crawler_mysql.py[line:68] - INFO: Thread-22抓取suspend['300530.SZ' '19901201' '20180920'] [14/20]
2018-09-14 14:15:02,391 - mysql_init.py[line:89] - INFO: 数据为空
2018-09-14 14:15:02,394 - daily_crawler_mysql.py[line:68] - INFO: Thread-25抓取suspend['603159.SH' '19901201' '20180920'] [15/20]
2018-09-14 14:15:02,545 - mysql_init.py[line:89] - INFO: 数据为空
2018-09-14 14:15:02,547 - daily_crawler_mysql.py[line:68] - INFO: Thread-22抓取suspend['300531.SZ' '19901201' '20180920'] [15/20]
2018-09-14 14:15:02,550 - mysql_init.py[line:89] - INFO: 数据为空
2018-09-14 14:15:02,552 - daily_crawler_mysql.py[line:68] - INFO: Thread-30抓取suspend['603970.SH' '19901201' '20180920'] [16/19]
2018-09-14 14:15:02,603 - mysql_init.py[line:89] - INFO: 数据为空
2018-09-14 14:15:02,604 - daily_crawler_mysql.py[line:68] - INFO: Thread-27抓取suspend['603536.SH' '19901201' '20180920'] [17/19]
2018-09-14 14:15:02,638 - mysql_init.py[line:89] - INFO: 数据为空
2018-09-14 14:15:02,638 - daily_crawler_mysql.py[line:68] - INFO: Thread-25抓取suspend['603161.SH' '19901201' '20180920'] [16/20]
2018-09-14 14:15:02,641 - mysql_init.py[line:89] - INFO: 数据为空
2018-09-14 14:15:02,642 - daily_crawler_mysql.py[line:68] - INFO: Thread-26抓取suspend['603283.SH' '19901201' '20180920'] [17/20]
2018-09-14 14:15:02,643 - mysql_init.py[line:89] - INFO: 数据为空
2018-09-14 14:15:02,643 - daily_crawler_mysql.py[line:68] - INFO: Thread-23抓取suspend['300650.SZ' '19901201' '20180920'] [15/20]
2018-09-14 14:15:02,644 - mysql_init.py[line:89] - INFO: 数据为空
2018-09-14 14:15:02,644 - daily_crawler_mysql.py[line:68] - INFO: Thread-21抓取suspend['002875.SZ' '19901201' '20180920'] [15/20]
2018-09-14 14:15:02,646 - mysql_init.py[line:89] - INFO: 数据为空
2018-09-14 14:15:02,647 - mysql_init.py[line:89] - INFO: 数据为空
2018-09-14 14:15:02,647 - mysql_init.py[line:89] - INFO: 数据为空
2018-09-14 14:15:02,648 - daily_crawler_mysql.py[line:68] - INFO: Thread-29抓取suspend['603829.SH' '19901201' '20180920'] [15/19]
2018-09-14 14:15:02,648 - daily_crawler_mysql.py[line:68] - INFO: Thread-24抓取suspend['603023.SH' '19901201' '20180920'] [15/20]
2018-09-14 14:15:02,648 - daily_crawler_mysql.py[line:68] - INFO: Thread-28抓取suspend['603666.SH' '19901201' '20180920'] [16/19]
2018-09-14 14:15:02,735 - mysql_init.py[line:89] - INFO: 数据为空
2018-09-14 14:15:02,735 - daily_crawler_mysql.py[line:68] - INFO: Thread-30抓取suspend['603985.SH' '19901201' '20180920'] [17/19]
2018-09-14 14:15:02,757 - mysql_init.py[line:89] - INFO: 数据为空
2018-09-14 14:15:02,758 - daily_crawler_mysql.py[line:68] - INFO: Thread-22抓取suspend['300533.SZ' '19901201' '20180920'] [16/20]
2018-09-14 14:15:02,771 - mysql_init.py[line:89] - INFO: 数据为空
2018-09-14 14:15:02,772 - daily_crawler_mysql.py[line:68] - INFO: Thread-27抓取suspend['603557.SH' '19901201' '20180920'] [18/19]
2018-09-14 14:15:02,795 - mysql_init.py[line:89] - INFO: 数据为空
2018-09-14 14:15:02,796 - mysql_init.py[line:89] - INFO: 数据为空
2018-09-14 14:15:02,797 - daily_crawler_mysql.py[line:68] - INFO: Thread-23抓取suspend['300652.SZ' '19901201' '20180920'] [16/20]
2018-09-14 14:15:02,799 - mysql_init.py[line:89] - INFO: 数据为空
2018-09-14 14:15:02,799 - daily_crawler_mysql.py[line:68] - INFO: Thread-26抓取suspend['603289.SH' '19901201' '20180920'] [18/20]
2018-09-14 14:15:02,800 - daily_crawler_mysql.py[line:68] - INFO: Thread-24抓取suspend['603031.SH' '19901201' '20180920'] [16/20]
2018-09-14 14:15:02,807 - mysql_init.py[line:89] - INFO: 数据为空
2018-09-14 14:15:02,807 - daily_crawler_mysql.py[line:68] - INFO: Thread-29抓取suspend['603856.SH' '19901201' '20180920'] [16/19]
2018-09-14 14:15:02,810 - mysql_init.py[line:89] - INFO: 数据为空
2018-09-14 14:15:02,810 - daily_crawler_mysql.py[line:68] - INFO: Thread-21抓取suspend['002879.SZ' '19901201' '20180920'] [16/20]
2018-09-14 14:15:02,813 - mysql_init.py[line:89] - INFO: 数据为空
2018-09-14 14:15:02,814 - daily_crawler_mysql.py[line:68] - INFO: Thread-28抓取suspend['603668.SH' '19901201' '20180920'] [17/19]
2018-09-14 14:15:02,816 - mysql_init.py[line:89] - INFO: 数据为空
2018-09-14 14:15:02,817 - daily_crawler_mysql.py[line:68] - INFO: Thread-25抓取suspend['603167.SH' '19901201' '20180920'] [17/20]
2018-09-14 14:15:02,893 - mysql_init.py[line:89] - INFO: 数据为空
2018-09-14 14:15:02,893 - daily_crawler_mysql.py[line:68] - INFO: Thread-22抓取suspend['300538.SZ' '19901201' '20180920'] [17/20]
2018-09-14 14:15:02,901 - mysql_init.py[line:89] - INFO: 数据为空
2018-09-14 14:15:02,901 - daily_crawler_mysql.py[line:68] - INFO: Thread-30抓取suspend['603990.SH' '19901201' '20180920'] [18/19]
2018-09-14 14:15:02,926 - mysql_init.py[line:89] - INFO: 数据为空
2018-09-14 14:15:02,927 - daily_crawler_mysql.py[line:68] - INFO: Thread-27抓取suspend['603568.SH' '19901201' '20180920'] [19/19]
2018-09-14 14:15:02,941 - mysql_init.py[line:89] - INFO: 数据为空
2018-09-14 14:15:02,943 - daily_crawler_mysql.py[line:68] - INFO: Thread-26抓取suspend['603298.SH' '19901201' '20180920'] [19/20]
2018-09-14 14:15:02,947 - mysql_init.py[line:89] - INFO: 数据为空
2018-09-14 14:15:02,951 - mysql_init.py[line:89] - INFO: 数据为空
2018-09-14 14:15:02,952 - daily_crawler_mysql.py[line:68] - INFO: Thread-23抓取suspend['300653.SZ' '19901201' '20180920'] [17/20]
2018-09-14 14:15:02,952 - daily_crawler_mysql.py[line:68] - INFO: Thread-24抓取suspend['603036.SH' '19901201' '20180920'] [17/20]
2018-09-14 14:15:02,957 - mysql_init.py[line:89] - INFO: 数据为空
2018-09-14 14:15:02,958 - mysql_init.py[line:89] - INFO: 数据为空
2018-09-14 14:15:02,958 - daily_crawler_mysql.py[line:68] - INFO: Thread-25抓取suspend['603178.SH' '19901201' '20180920'] [18/20]
2018-09-14 14:15:02,958 - daily_crawler_mysql.py[line:68] - INFO: Thread-28抓取suspend['603669.SH' '19901201' '20180920'] [18/19]
2018-09-14 14:15:02,962 - mysql_init.py[line:89] - INFO: 数据为空
2018-09-14 14:15:02,962 - daily_crawler_mysql.py[line:68] - INFO: Thread-21抓取suspend['002881.SZ' '19901201' '20180920'] [17/20]
2018-09-14 14:15:02,963 - mysql_init.py[line:89] - INFO: 数据为空
2018-09-14 14:15:02,964 - daily_crawler_mysql.py[line:68] - INFO: Thread-29抓取suspend['603860.SH' '19901201' '20180920'] [17/19]
2018-09-14 14:15:03,615 - mysql_init.py[line:89] - INFO: 数据为空
2018-09-14 14:15:03,618 - mysql_init.py[line:89] - INFO: 数据为空
2018-09-14 14:15:03,618 - daily_crawler_mysql.py[line:68] - INFO: Thread-30抓取suspend['603996.SH' '19901201' '20180920'] [19/19]
2018-09-14 14:15:03,623 - mysql_init.py[line:89] - INFO: 数据为空
2018-09-14 14:15:03,627 - daily_crawler_mysql.py[line:68] - INFO: Thread-22抓取suspend['300547.SZ' '19901201' '20180920'] [18/20]
2018-09-14 14:15:03,628 - mysql_init.py[line:89] - INFO: 数据为空
2018-09-14 14:15:03,633 - mysql_init.py[line:89] - INFO: 数据为空
2018-09-14 14:15:03,636 - mysql_init.py[line:89] - INFO: 数据为空
2018-09-14 14:15:03,639 - mysql_init.py[line:89] - INFO: 数据为空
2018-09-14 14:15:03,642 - mysql_init.py[line:89] - INFO: 数据为空
2018-09-14 14:15:03,643 - daily_crawler_mysql.py[line:68] - INFO: Thread-28抓取suspend['603676.SH' '19901201' '20180920'] [19/19]
2018-09-14 14:15:03,643 - daily_crawler_mysql.py[line:68] - INFO: Thread-25抓取suspend['603180.SH' '19901201' '20180920'] [19/20]
2018-09-14 14:15:03,644 - daily_crawler_mysql.py[line:68] - INFO: Thread-23抓取suspend['300661.SZ' '19901201' '20180920'] [18/20]
2018-09-14 14:15:03,644 - daily_crawler_mysql.py[line:68] - INFO: Thread-29抓取suspend['603866.SH' '19901201' '20180920'] [18/19]
2018-09-14 14:15:03,645 - daily_crawler_mysql.py[line:68] - INFO: Thread-24抓取suspend['603037.SH' '19901201' '20180920'] [18/20]
2018-09-14 14:15:03,699 - mysql_init.py[line:89] - INFO: 数据为空
2018-09-14 14:15:03,700 - mysql_init.py[line:89] - INFO: 数据为空
2018-09-14 14:15:03,700 - daily_crawler_mysql.py[line:68] - INFO: Thread-26抓取suspend['603301.SH' '19901201' '20180920'] [20/20]
2018-09-14 14:15:03,701 - daily_crawler_mysql.py[line:68] - INFO: Thread-21抓取suspend['002887.SZ' '19901201' '20180920'] [18/20]
2018-09-14 14:15:03,832 - mysql_init.py[line:89] - INFO: 数据为空
2018-09-14 14:15:03,836 - mysql_init.py[line:89] - INFO: 数据为空
2018-09-14 14:15:03,839 - mysql_init.py[line:89] - INFO: 数据为空
2018-09-14 14:15:03,842 - mysql_init.py[line:89] - INFO: 数据为空
2018-09-14 14:15:03,845 - mysql_init.py[line:89] - INFO: 数据为空
2018-09-14 14:15:03,850 - mysql_init.py[line:89] - INFO: 数据为空
2018-09-14 14:15:03,851 - daily_crawler_mysql.py[line:68] - INFO: Thread-25抓取suspend['603181.SH' '19901201' '20180920'] [20/20]
2018-09-14 14:15:03,852 - mysql_init.py[line:89] - INFO: 数据为空
2018-09-14 14:15:03,852 - daily_crawler_mysql.py[line:68] - INFO: Thread-23抓取suspend['300673.SZ' '19901201' '20180920'] [19/20]
2018-09-14 14:15:03,854 - mysql_init.py[line:89] - INFO: 数据为空
2018-09-14 14:15:03,857 - mysql_init.py[line:89] - INFO: 数据为空
2018-09-14 14:15:03,858 - daily_crawler_mysql.py[line:68] - INFO: Thread-22抓取suspend['300549.SZ' '19901201' '20180920'] [19/20]
2018-09-14 14:15:03,858 - daily_crawler_mysql.py[line:68] - INFO: Thread-29抓取suspend['603868.SH' '19901201' '20180920'] [19/19]
2018-09-14 14:15:03,860 - daily_crawler_mysql.py[line:68] - INFO: Thread-24抓取suspend['603041.SH' '19901201' '20180920'] [19/20]
2018-09-14 14:15:03,861 - daily_crawler_mysql.py[line:68] - INFO: Thread-21抓取suspend['002900.SZ' '19901201' '20180920'] [19/20]
2018-09-14 14:15:04,018 - mysql_init.py[line:89] - INFO: 数据为空
2018-09-14 14:15:04,021 - mysql_init.py[line:89] - INFO: 数据为空
2018-09-14 14:15:04,022 - daily_crawler_mysql.py[line:68] - INFO: Thread-23抓取suspend['300677.SZ' '19901201' '20180920'] [20/20]
2018-09-14 14:15:04,022 - daily_crawler_mysql.py[line:68] - INFO: Thread-24抓取suspend['603042.SH' '19901201' '20180920'] [20/20]
2018-09-14 14:15:04,030 - mysql_init.py[line:89] - INFO: 数据为空
2018-09-14 14:15:04,031 - daily_crawler_mysql.py[line:68] - INFO: Thread-22抓取suspend['300550.SZ' '19901201' '20180920'] [20/20]
2018-09-14 14:15:04,035 - mysql_init.py[line:89] - INFO: 数据为空
2018-09-14 14:15:04,038 - mysql_init.py[line:89] - INFO: 数据为空
2018-09-14 14:15:04,049 - mysql_init.py[line:89] - INFO: 数据为空
2018-09-14 14:15:04,050 - daily_crawler_mysql.py[line:68] - INFO: Thread-21抓取suspend['002923.SZ' '19901201' '20180920'] [20/20]
2018-09-14 14:15:04,167 - mysql_init.py[line:89] - INFO: 数据为空
2018-09-14 14:15:04,185 - mysql_init.py[line:89] - INFO: 数据为空
2018-09-14 14:15:04,186 - mysql_init.py[line:89] - INFO: 数据为空
2018-09-14 14:15:04,199 - mysql_init.py[line:89] - INFO: 数据为空
