2018-09-11 11:55:33,526 - mysql_init.py[line:37] - INFO: 
2018-09-11 11:55:33,526 - finance_crawler_mysql.py[line:31] - INFO: 已经设置财务任务[19901201-20180920]3542
2018-09-11 11:55:33,607 - mysql_init.py[line:37] - INFO: 
2018-09-11 11:55:33,608 - finance_crawler_mysql.py[line:31] - INFO: 已经设置财务任务[19901201-20180920]3542
2018-09-11 11:55:33,689 - mysql_init.py[line:37] - INFO: 
2018-09-11 11:55:33,689 - finance_crawler_mysql.py[line:31] - INFO: 已经设置财务任务[20180904-20180911]3542
2018-09-11 11:55:33,785 - finance_crawler_mysql.py[line:62] - INFO: Thread-1抓取income['000001.SZ' '20180904' '20180911'] [1/6976]
2018-09-11 11:55:33,865 - finance_crawler_mysql.py[line:62] - INFO: Thread-2抓取balancesheet['000001.SZ' '20180904' '20180911'] [1/7074]
2018-09-11 11:55:33,948 - finance_crawler_mysql.py[line:62] - INFO: Thread-3抓取cashflow['000001.SZ' '20180904' '20180911'] [1/7083]
2018-09-11 11:55:34,035 - finance_crawler_mysql.py[line:62] - INFO: Thread-4抓取forecast['000001.SZ' '19901201' '20180920'] [1/7084]
2018-09-11 11:55:34,136 - finance_crawler_mysql.py[line:62] - INFO: Thread-5抓取express['000001.SZ' '19901201' '20180920'] [1/7083]
2018-09-11 11:55:34,232 - finance_crawler_mysql.py[line:62] - INFO: Thread-6抓取fina_indicator['000001.SZ' '19901201' '20180920'] [1/7084]
2018-09-11 11:55:34,516 - mysql_init.py[line:86] - INFO: 数据为空
2018-09-11 11:55:34,521 - finance_crawler_mysql.py[line:62] - INFO: Thread-1抓取income['000002.SZ' '20180904' '20180911'] [2/6976]
2018-09-11 11:55:34,577 - mysql_init.py[line:86] - INFO: 数据为空
2018-09-11 11:55:34,582 - finance_crawler_mysql.py[line:62] - INFO: Thread-2抓取balancesheet['000002.SZ' '20180904' '20180911'] [2/7074]
2018-09-11 11:55:34,963 - mysql_init.py[line:86] - INFO: 数据为空
2018-09-11 11:55:34,968 - finance_crawler_mysql.py[line:62] - INFO: Thread-3抓取cashflow['000002.SZ' '19901201' '20180920'] [2/7083]
2018-09-11 11:55:35,150 - mysql_init.py[line:86] - INFO: 数据为空
2018-09-11 11:55:35,150 - finance_crawler_mysql.py[line:62] - INFO: Thread-5抓取express['000001.SZ' '20180904' '20180911'] [2/7083]
2018-09-11 11:55:35,422 - mysql_init.py[line:86] - INFO: 数据为空
2018-09-11 11:55:35,429 - mysql_init.py[line:86] - INFO: 数据为空
2018-09-11 11:55:35,439 - finance_crawler_mysql.py[line:62] - INFO: Thread-2抓取balancesheet['000004.SZ' '20180904' '20180911'] [3/7074]
2018-09-11 11:55:35,454 - finance_crawler_mysql.py[line:62] - INFO: Thread-1抓取income['000004.SZ' '20180904' '20180911'] [3/6976]
2018-09-11 11:55:35,642 - mysql_init.py[line:86] - INFO: 数据为空
2018-09-11 11:55:35,700 - finance_crawler_mysql.py[line:62] - INFO: Thread-5抓取express['000002.SZ' '19901201' '20180920'] [3/7083]
2018-09-11 11:55:36,111 - mysql_init.py[line:117] - INFO: 执行任务cashflow 影响36行
2018-09-11 11:55:36,158 - mysql_init.py[line:86] - INFO: 数据为空
2018-09-11 11:55:36,158 - finance_crawler_mysql.py[line:62] - INFO: Thread-2抓取balancesheet['000005.SZ' '20180904' '20180911'] [4/7074]
2018-09-11 11:55:36,167 - mysql_init.py[line:86] - INFO: 数据为空
2018-09-11 11:55:36,168 - finance_crawler_mysql.py[line:62] - INFO: Thread-1抓取income['000005.SZ' '20180904' '20180911'] [4/6976]
2018-09-11 11:55:36,493 - mysql_init.py[line:86] - INFO: 数据为空
2018-09-11 11:55:36,493 - finance_crawler_mysql.py[line:62] - INFO: Thread-2抓取balancesheet['000006.SZ' '20180904' '20180911'] [5/7074]
2018-09-11 11:55:36,494 - mysql_init.py[line:86] - INFO: 数据为空
2018-09-11 11:55:36,499 - finance_crawler_mysql.py[line:62] - INFO: Thread-1抓取income['000006.SZ' '20180904' '20180911'] [5/6976]
2018-09-11 11:55:36,649 - mysql_init.py[line:37] - INFO: 更新执行任务cashflow[['000002.SZ' '19901201' '20180920']]状态
2018-09-11 11:55:36,660 - finance_crawler_mysql.py[line:62] - INFO: Thread-3抓取cashflow['000002.SZ' '20180904' '20180911'] [3/7083]
2018-09-11 11:55:36,687 - mysql_init.py[line:117] - INFO: 执行任务express 影响1行
2018-09-11 11:55:36,885 - mysql_init.py[line:86] - INFO: 数据为空
2018-09-11 11:55:36,885 - finance_crawler_mysql.py[line:62] - INFO: Thread-2抓取balancesheet['000007.SZ' '20180904' '20180911'] [6/7074]
2018-09-11 11:55:36,916 - mysql_init.py[line:37] - INFO: 更新执行任务express[['000002.SZ' '19901201' '20180920']]状态
2018-09-11 11:55:36,937 - finance_crawler_mysql.py[line:62] - INFO: Thread-5抓取express['000002.SZ' '20180904' '20180911'] [4/7083]
2018-09-11 11:55:37,244 - mysql_init.py[line:86] - INFO: 数据为空
2018-09-11 11:55:37,249 - finance_crawler_mysql.py[line:62] - INFO: Thread-1抓取income['000007.SZ' '20180904' '20180911'] [6/6976]
2018-09-11 11:55:37,293 - mysql_init.py[line:86] - INFO: 数据为空
2018-09-11 11:55:37,299 - finance_crawler_mysql.py[line:62] - INFO: Thread-3抓取cashflow['000004.SZ' '19901201' '20180920'] [4/7083]
2018-09-11 11:55:37,307 - mysql_init.py[line:86] - INFO: 数据为空
2018-09-11 11:55:37,323 - finance_crawler_mysql.py[line:62] - INFO: Thread-2抓取balancesheet['000008.SZ' '20180904' '20180911'] [7/7074]
2018-09-11 11:55:37,564 - mysql_init.py[line:117] - INFO: 执行任务express 影响2行
2018-09-11 11:55:37,652 - mysql_init.py[line:86] - INFO: 数据为空
2018-09-11 11:55:37,658 - finance_crawler_mysql.py[line:62] - INFO: Thread-1抓取income['000008.SZ' '20180904' '20180911'] [7/6976]
2018-09-11 11:55:37,698 - mysql_init.py[line:86] - INFO: 数据为空
2018-09-11 11:55:37,709 - finance_crawler_mysql.py[line:62] - INFO: Thread-2抓取balancesheet['000009.SZ' '19901201' '20180920'] [8/7074]
